{
  "0 info pnpm:global": "Nothing to stop. No server is running for the store at /Users/adrienkissie/.pnpm-store/v3",
  "1 debug pnpm:scope": {
    "selected": 1
  },
  "2 debug pnpm:package-manifest": {
    "initial": {},
    "prefix": "/Users/adrienkissie/pnpm-global/5"
  },
  "3 debug pnpm:context": {
    "currentLockfileExists": false,
    "storeDir": "/Users/adrienkissie/.pnpm-store/v3",
    "virtualStoreDir": "/Users/adrienkissie/pnpm-global/5/node_modules/.pnpm"
  },
  "4 debug pnpm:stage": {
    "prefix": "/Users/adrienkissie/pnpm-global/5",
    "stage": "resolution_started"
  },
  "5 debug pnpm:_dependency_resolved": {
    "resolution": "registry.npmjs.org/pnpm/6.23.6",
    "wanted": {
      "dependentId": ".",
      "name": "pnpm",
      "rawSpec": "latest"
    }
  },
  "6 debug pnpm:progress": {
    "packageId": "registry.npmjs.org/pnpm/6.23.6",
    "requester": "/Users/adrienkissie/pnpm-global/5",
    "status": "resolved"
  },
  "7 debug pnpm:package-manifest": {
    "prefix": "/Users/adrienkissie/pnpm-global/5",
    "updated": {
      "dependencies": {
        "pnpm": "^6.23.6"
      }
    }
  },
  "8 debug pnpm:stage": {
    "prefix": "/Users/adrienkissie/pnpm-global/5",
    "stage": "resolution_done"
  },
  "9 debug pnpm:stats": {
    "prefix": "/Users/adrienkissie/pnpm-global/5",
    "removed": 0
  },
  "10 debug pnpm:stage": {
    "prefix": "/Users/adrienkissie/pnpm-global/5",
    "stage": "importing_started"
  },
  "11 debug pnpm:stats": {
    "added": 1,
    "prefix": "/Users/adrienkissie/pnpm-global/5"
  },
  "12 debug pnpm:progress": {
    "packageId": "registry.npmjs.org/pnpm/6.23.6",
    "requester": "/Users/adrienkissie/pnpm-global/5",
    "status": "found_in_store"
  },
  "13 debug pnpm:stage": {
    "prefix": "/Users/adrienkissie/pnpm-global/5",
    "stage": "importing_done"
  },
  "14 debug pnpm:link": {
    "target": "/Users/adrienkissie/pnpm-global/5/node_modules/.pnpm/pnpm@6.23.6/node_modules/pnpm",
    "link": "/Users/adrienkissie/pnpm-global/5/node_modules/pnpm"
  },
  "15 error pnpm": {
    "errno": -13,
    "code": "EACCES",
    "syscall": "open",
    "path": "/usr/local/bin/pnpm",
    "err": {
      "name": "pnpm",
      "message": "EACCES: permission denied, open '/usr/local/bin/pnpm'",
      "code": "EACCES",
      "stack": "pnpm: EACCES: permission denied, open '/usr/local/bin/pnpm'"
    }
  }
}