{
  "0 debug pnpm:scope": {
    "selected": 1,
    "workspacePrefix": "/Users/adrienkissie/projects/thullo"
  },
  "1 error pnpm": {
    "errno": 1,
    "code": "ELIFECYCLE",
    "pkgid": "@thullo/front@1.0.0",
    "stage": "ntl:dev",
    "script": "netlify dev -p 3000",
    "pkgname": "@thullo/front",
    "err": {
      "name": "pnpm",
      "message": "@thullo/front@1.0.0 ntl:dev: `netlify dev -p 3000`\nExit status 1",
      "code": "ELIFECYCLE",
      "stack": "pnpm: @thullo/front@1.0.0 ntl:dev: `netlify dev -p 3000`\nExit status 1\n    at EventEmitter.<anonymous> (/usr/local/lib/node_modules/pnpm/dist/pnpm.cjs:103446:20)\n    at EventEmitter.emit (events.js:400:28)\n    at ChildProcess.<anonymous> (/usr/local/lib/node_modules/pnpm/dist/pnpm.cjs:91375:18)\n    at ChildProcess.emit (events.js:400:28)\n    at maybeClose (internal/child_process.js:1055:16)\n    at Process.ChildProcess._handle.onexit (internal/child_process.js:288:5)"
    }
  }
}